C51 COMPILER V9.01   MAIN                                                                  09/15/2019 22:09:00 PAGE 1   


C51 COMPILER V9.01, COMPILATION OF MODULE MAIN
OBJECT MODULE PLACED IN main.OBJ
COMPILER INVOKED BY: C:\Keil_v502\C51\BIN\C51.EXE main.c BROWSE DEBUG OBJECTEXTEND

line level    source

   1          
   2          #include<reg51.h>                                
   3          //宏定义
   4          #define uchar unsigned char 
   5          #define LED P2          
   6          
   7          //全局变量
   8          uchar Time;
   9          
  10          void main(void)
  11          {
  12   1              uchar data1=0xfe;
  13   1              TMOD = 0x01; //选择工作方式1
  14   1        TH0 = 0x3C;    //设置初始值,定时50MS
  15   1        TL0 = 0xB0; 
  16   1        EA = 1;                        //打开总中断
  17   1        ET0 = 1;               //打开定时器0中断
  18   1        TR0 = 1;               //启动定时器0
  19   1              while(1)
  20   1              {
  21   2                      LED = data1;
  22   2                      if(Time==10)                    //0.5s进入if内进行移位
  23   2                      {
  24   3                              Time = 0;
  25   3                              data1 = data1<<1|0x01;  
  26   3                              if(data1==0xff)data1=0xfe;
  27   3                      }
  28   2                      
  29   2                      
  30   2              }       
  31   1      }
  32          
  33          void Timer0() interrupt 1
  34          {
  35   1                TH0 = 0x3C;    //设置初始值
  36   1          TL0 = 0xB0;
  37   1                      Time++;
  38   1      }
  39          


MODULE INFORMATION:   STATIC OVERLAYABLE
   CODE SIZE        =     49    ----
   CONSTANT SIZE    =   ----    ----
   XDATA SIZE       =   ----    ----
   PDATA SIZE       =   ----    ----
   DATA SIZE        =      1    ----
   IDATA SIZE       =   ----    ----
   BIT SIZE         =   ----    ----
END OF MODULE INFORMATION.


C51 COMPILATION COMPLETE.  0 WARNING(S),  0 ERROR(S)
