C51 COMPILER V9.59.0.0   MAIN                                                              05/16/2019 08:40:34 PAGE 1   


C51 COMPILER V9.59.0.0, COMPILATION OF MODULE MAIN
OBJECT MODULE PLACED IN .\Objects\main.obj
COMPILER INVOKED BY: D:\Keil_v5\C51\BIN\C51.EXE main.c OPTIMIZE(8,SPEED) BROWSE DEBUG OBJECTEXTEND PRINT(.\Listings\main
                    -.lst) TABS(2) OBJECT(.\Objects\main.obj)

line level    source

   1          #include "reg51.h"
   2          #include "led1602.h"
   3          sfr P4=0xc0;//led灯的端口
   4          sfr  WDT_CONTR=0xc1;//看门狗控制寄存器
   5          sfr  IAP_CONTR=0xc7;
   6          sfr  CLK_DIV=0X97;//时钟分频控制
   7          sfr WKTCL = 0xAA;//掉电唤醒专用寄存器
   8          sfr WKTCH = 0xAB;//掉电唤醒专用寄存器
   9          sbit P46=P4^6;
  10          sbit P47=P4^7;
  11          
  12          
  13          void disumoshi();
  14          void kongxianmoshi();
  15          void diaodianmoshi();
  16          void shangdianfuwei();
  17          void didianyafuwei();
  18          void error();
  19          void delay(int a,int b);
  20          void main()
  21          {
  22   1        
  23   1        int i;
  24   1        INT0=1;
  25   1        INT1=1;
  26   1        //IE |= 0x40;//低电压允许
  27   1        IT0=1;   //只允许下降沿触发
  28   1        IT1=1;
  29   1        EX0=1;   //允许外部中断0
  30   1        EX1=1;
  31   1        PX1=1;
  32   1        PX0=0;
  33   1        EA=1;    //允许全局中断
  34   1        P0M0=0;
  35   1        P0M1=0;
  36   1        P2M0=0;
  37   1        P2M1=0;
  38   1        if(PCON==0x30)
  39   1        {
  40   2          shangdianfuwei();
  41   2        }
  42   1        if(PCON==0x20)
  43   1        {
  44   2          didianyafuwei();
  45   2        }
  46   1      
  47   1        for(i=0;i<3;i++)
  48   1        { 
  49   2          switch(i)
  50   2          {
  51   3            case 0: disumoshi();break;//低速模式
  52   3              
  53   3            case 1: diaodianmoshi();break;//掉电模式
  54   3              
C51 COMPILER V9.59.0.0   MAIN                                                              05/16/2019 08:40:34 PAGE 2   

  55   3            case 2: kongxianmoshi();break;//空闲模式
  56   3            
  57   3            default: error();
  58   3            
  59   3          }
  60   2          delay(1000,100);
  61   2        }
  62   1      
  63   1      }
  64          
  65          
  66          
  67          void servivce_int0() interrupt 0//中断0
  68          {
  69   1        lcdwait();
  70   1        lcdinit();
  71   1        lcdshowstr(0,0,"ruanjianfuwei");
  72   1        delay(1000,100);
  73   1        PCON=0x00;
  74   1        IAP_CONTR=0x20;
  75   1      }
  76          void servivce_int1() interrupt 2//中断1
  77          {
  78   1        lcdwait();
  79   1        lcdinit();
  80   1        lcdshowstr(0,0,"kanmengoufuwei");
  81   1        PCON=0x00;
  82   1        WDT_CONTR |= 0x2A;
  83   1        while(1);
  84   1        
  85   1      }
  86          void shangdianfuwei()
  87          {
  88   1        lcdwait();
  89   1        lcdinit();
  90   1        lcdshowstr(0,0,"shangdianfuwei");
  91   1        delay(1000,1000);
  92   1        PCON=0;
  93   1      }
  94          void didianyafuwei()
  95            
  96          {
  97   1        lcdwait();
  98   1        lcdinit();
  99   1        lcdshowstr(0,0,"didianyafuwei");
 100   1        delay(1000,1000);
 101   1        PCON=0;
 102   1      }
 103          
 104          void disumoshi()
 105          {
 106   1        CLK_DIV = 0xc5;
 107   1        P46 = 0;
 108   1        P47 = 0;
 109   1        lcdwait();
 110   1        lcdinit();
 111   1        lcdshowstr(0,0,"disumoshi");
 112   1      }
 113           
 114          void kongxianmoshi()
 115          {
 116   1        P46 = 0;
C51 COMPILER V9.59.0.0   MAIN                                                              05/16/2019 08:40:34 PAGE 3   

 117   1        P47 = 0;
 118   1        lcdwait();
 119   1        lcdinit();
 120   1        lcdshowstr(0,0,"kongxianmoshi");
 121   1        PCON |= 0x01;
 122   1      }
 123          
 124          void diaodianmoshi()
 125          {
 126   1        WKTCL = 255;
 127   1        WKTCH = 0x80;
 128   1        P46 = 0;
 129   1        P47 = 0;
 130   1        lcdwait();
 131   1        lcdinit();
 132   1        lcdshowstr(0,0,"diaodianmoshi");
 133   1        PCON |= 0x02;
 134   1      }
 135          
 136          
 137          void error()
 138          {
 139   1        lcdwait();
 140   1        lcdinit();
 141   1        lcdshowstr(0,0,"error");
 142   1      }
 143          
 144          void delay(int a,int b)
 145          {
 146   1        int i,j;
 147   1        for(i=0;i<a;i++)
 148   1        {
 149   2          for(j=0;j<b;j++);
 150   2          
 151   2        }
 152   1      }


MODULE INFORMATION:   STATIC OVERLAYABLE
   CODE SIZE        =    459    ----
   CONSTANT SIZE    =    102    ----
   XDATA SIZE       =   ----    ----
   PDATA SIZE       =   ----    ----
   DATA SIZE        =   ----       2
   IDATA SIZE       =   ----    ----
   BIT SIZE         =   ----    ----
END OF MODULE INFORMATION.


C51 COMPILATION COMPLETE.  0 WARNING(S),  0 ERROR(S)
