C51 COMPILER V9.01   MAIN                                                                  09/15/2019 22:02:19 PAGE 1   


C51 COMPILER V9.01, COMPILATION OF MODULE MAIN
OBJECT MODULE PLACED IN main.OBJ
COMPILER INVOKED BY: C:\Keil_v502\C51\BIN\C51.EXE main.c BROWSE DEBUG OBJECTEXTEND

line level    source

   1          #include<reg51.h>
   2          #include<intrins.h>
   3          
   4          sbit SRCLK=P3^6;
   5          sbit RCLK=P3^5;
   6          sbit SER=P3^4;
   7          
   8          //--定义要使用的IO口--//
   9          #define COMMONPORTS             P0
  10          
  11          //--列选通控制--//
  12          unsigned char code TAB[8]  = {0x7f,0xbf,0xdf,0xef,0xf7,0xfb,0xfd,0xfe};
  13          
  14          //--点阵字码--//
  15          unsigned char code CHARCODE[18][8]=
  16          {
  17          
  18          {0x00,0x00,0x3e,0x41,0x41,0x41,0x3e,0x00}, //0
  19          
  20          {0x00,0x00,0x00,0x00,0x21,0x7f,0x01,0x00}, //1
  21          
  22          {0x00,0x00,0x27,0x45,0x45,0x45,0x39,0x00}, //2
  23          
  24          {0x00,0x00,0x22,0x49,0x49,0x49,0x36,0x00}, //3
  25          
  26          {0x00,0x00,0x0c,0x14,0x24,0x7f,0x04,0x00}, //4
  27          
  28          {0x00,0x00,0x72,0x51,0x51,0x51,0x4e,0x00}, //5
  29          
  30          {0x00,0x00,0x3e,0x49,0x49,0x49,0x26,0x00}, //6
  31          
  32          {0x00,0x00,0x40,0x40,0x40,0x4f,0x70,0x00}, //7
  33          
  34          {0x00,0x00,0x36,0x49,0x49,0x49,0x36,0x00}, //8
  35          
  36          {0x00,0x00,0x32,0x49,0x49,0x49,0x3e,0x00}, //9
  37          
  38          {0x00,0x00,0x7F,0x48,0x48,0x30,0x00,0x00}, //P
  39          
  40          {0x00,0x00,0x7F,0x48,0x4C,0x73,0x00,0x00}, //R
  41          
  42          {0x00,0x00,0x7F,0x49,0x49,0x49,0x00,0x00}, //E
  43          
  44          {0x00,0x00,0x3E,0x41,0x41,0x62,0x00,0x00}, //C
  45          
  46          {0x00,0x00,0x7F,0x08,0x08,0x7F,0x00,0x00}, //H
  47          
  48          {0x00,0x00,0x00,0xFF,0xFF,0x00,0x00,0x00}, //I
  49          
  50          {0x00,0x7F,0x10,0x08,0x04,0x7F,0x00,0x00}, //N
  51          
  52          {0x7C,0x48,0x48,0xFF,0x48,0x48,0x7C,0x00}  //中
  53          
  54          };
  55          void delay(unsigned int time)
C51 COMPILER V9.01   MAIN                                                                  09/15/2019 22:02:19 PAGE 2   

  56          {
  57   1        unsigned int i,j;
  58   1        for(i=0;i<time;i++)
  59   1          for(j=0;j<121;j++);
  60   1      }
  61          
  62          /*******************************************************************************
  63          * 函数名         : Hc595SendByte(unsigned char dat)
  64          * 函数功能                 : 想74H595发送一个字节的数据
  65          * 输入           : 无
  66          * 输出           : 无
  67          *******************************************************************************/
  68          void Hc595SendByte(unsigned char dat)
  69          {
  70   1              unsigned char a;
  71   1              SRCLK=0;
  72   1              RCLK=0;
  73   1              for(a=0;a<8;a++)
  74   1              {
  75   2                      SER=dat>>7;
  76   2                      dat<<=1;
  77   2      
  78   2                      SRCLK=1;
  79   2                      _nop_();
  80   2                      _nop_();
  81   2                      SRCLK=0;        
  82   2              }
  83   1      
  84   1              RCLK=1;
  85   1              _nop_();
  86   1              _nop_();
  87   1              RCLK=0;
  88   1      }
  89          /*******************************************************************************
  90          * 函数名         : main
  91          * 函数功能                 : 主函数
  92          * 输入           : 无
  93          * 输出           : 无
  94          *******************************************************************************/
  95          
  96          void main()
  97          {       
  98   1              unsigned char tab, j;
  99   1              unsigned int  i;
 100   1      
 101   1              while(1)
 102   1              {       
 103   2                      for(i= 0; i<50; i++ )   //两个字之间的扫描间隔时间
 104   2                      {
 105   3                              for(tab=0;tab<8;tab++)
 106   3                              {       
 107   4      
 108   4                                      Hc595SendByte(0x00);                         //消隐                                                                                                                             
 109   4                                      COMMONPORTS     = TAB[tab];                              //输出字码     
 110   4                                      Hc595SendByte(CHARCODE[j][tab]);        
 111   4                                      delay(2);               
 112   4                              }
 113   3                               
 114   3                      }
 115   2                      j++;
 116   2                      j=j%18;
 117   2              }       
C51 COMPILER V9.01   MAIN                                                                  09/15/2019 22:02:19 PAGE 3   

 118   1      }


MODULE INFORMATION:   STATIC OVERLAYABLE
   CODE SIZE        =    161    ----
   CONSTANT SIZE    =    152    ----
   XDATA SIZE       =   ----    ----
   PDATA SIZE       =   ----    ----
   DATA SIZE        =   ----       3
   IDATA SIZE       =   ----    ----
   BIT SIZE         =   ----    ----
END OF MODULE INFORMATION.


C51 COMPILATION COMPLETE.  0 WARNING(S),  0 ERROR(S)
